TN:
SF:/Users/electrode/Code/PropertyPro-lite/.eslintrc.js
FNF:0
FNH:0
DA:1,1
LF:1
LH:1
BRF:0
BRH:0
end_of_record
TN:
SF:/Users/electrode/Code/PropertyPro-lite/server/app.js
FN:9,(anonymous_0)
FNF:1
FNH:1
FNDA:1,(anonymous_0)
DA:2,1
DA:3,1
DA:5,1
DA:7,1
DA:9,1
DA:10,1
DA:11,1
DA:13,1
LF:8
LH:8
BRF:0
BRH:0
end_of_record
TN:
SF:/Users/electrode/Code/PropertyPro-lite/server/controllers/userController.js
FN:4,create
FNF:1
FNH:1
FNDA:9,create
DA:1,1
DA:2,1
DA:4,1
DA:12,9
DA:13,9
DA:14,8
DA:19,1
DA:20,1
DA:24,1
DA:28,1
LF:10
LH:10
BRDA:13,0,0,8
BRDA:13,0,1,1
BRF:2
BRH:2
end_of_record
TN:
SF:/Users/electrode/Code/PropertyPro-lite/server/models/User.js
FN:8,User
FN:17,fetchAll
FN:21,create
FNF:3
FNH:3
FNDA:1,User
FNDA:10,fetchAll
FNDA:1,create
DA:1,1
DA:8,1
DA:9,1
DA:18,10
DA:22,1
DA:23,1
DA:36,1
DA:37,1
DA:41,1
LF:9
LH:9
BRDA:26,0,0,1
BRDA:26,0,1,0
BRDA:27,1,0,1
BRDA:27,1,1,0
BRDA:28,2,0,1
BRDA:28,2,1,0
BRDA:29,3,0,1
BRDA:29,3,1,0
BRDA:30,4,0,1
BRDA:30,4,1,0
BRDA:31,5,0,1
BRDA:31,5,1,0
BRDA:32,6,0,1
BRDA:32,6,1,0
BRF:14
BRH:7
end_of_record
TN:
SF:/Users/electrode/Code/PropertyPro-lite/server/routes/userRoutes.js
FNF:0
FNH:0
DA:1,1
DA:2,1
DA:3,1
DA:5,1
DA:7,1
DA:9,1
LF:6
LH:6
BRF:0
BRH:0
end_of_record
TN:
SF:/Users/electrode/Code/PropertyPro-lite/server/utils/validator.js
FN:10,(anonymous_0)
FN:23,(anonymous_1)
FNF:2
FNH:2
FNDA:9,(anonymous_0)
FNDA:32,(anonymous_1)
DA:1,1
DA:2,1
DA:4,1
DA:11,9
DA:21,9
DA:22,9
DA:23,9
DA:24,32
DA:25,2
DA:27,30
DA:30,7
DA:59,1
LF:12
LH:12
BRDA:24,0,0,2
BRDA:24,0,1,30
BRF:2
BRH:2
end_of_record
